+POLY.{"POLYID":46}>{"DVERTS":"{{1,0,0,0},{0,1,0,0},{0,0,1,0},{-2,0,-1,0},{0,0,0,1},{1,-2,-1,-1}}"}
&MAXCONE.{"NORMALFORM":"{{0,0,0,0},{1,0,0,0},{0,1,0,0},{0,0,1,0},{1,1,1,2}}"}>{"POS":{"NINST":1,"POLYID":46}}
+MAXCONE.{"NORMALFORM":"{{0,0,0,0},{1,0,0,0},{0,1,0,0},{0,0,1,0},{1,1,1,2}}"}>{"FACEINFO":"{4,6,0,0,0,4,0,0,0}"}
&MAXCONE.{"NORMALFORM":"{{0,0,0,0},{1,0,0,0},{0,1,0,0},{0,0,1,0},{1,1,1,2},{1,0,-1,-1}}"}>{"POS":{"NINST":1,"POLYID":46}}
+MAXCONE.{"NORMALFORM":"{{0,0,0,0},{1,0,0,0},{0,1,0,0},{0,0,1,0},{1,1,1,2},{1,0,-1,-1}}"}>{"FACEINFO":"{5,9,0,0,0,6,0,0,0}"}
&MAXCONE.{"NORMALFORM":"{{0,0,0,0},{1,0,0,0},{0,1,0,0},{0,0,1,0},{2,2,1,4}}"}>{"POS":{"NINST":1,"POLYID":46}}
+MAXCONE.{"NORMALFORM":"{{0,0,0,0},{1,0,0,0},{0,1,0,0},{0,0,1,0},{2,2,1,4}}"}>{"FACEINFO":"{4,6,1,0,1,4,0,0,0}"}
&MAXCONE.{"NORMALFORM":"{{0,0,0,0},{1,0,0,0},{0,1,0,0},{0,0,1,0},{0,0,0,1}}"}>{"POS":{"NINST":2,"POLYID":46}}
+MAXCONE.{"NORMALFORM":"{{0,0,0,0},{1,0,0,0},{0,1,0,0},{0,0,1,0},{0,0,0,1}}"}>{"FACEINFO":"{4,6,0,0,0,4,0,0,0}"}
&MAXCONE.{"NORMALFORM":"{{0,0,0,0},{1,0,0,0},{0,1,0,0},{0,0,1,0},{0,0,1,2}}"}>{"POS":{"NINST":2,"POLYID":46}}
+MAXCONE.{"NORMALFORM":"{{0,0,0,0},{1,0,0,0},{0,1,0,0},{0,0,1,0},{0,0,1,2}}"}>{"FACEINFO":"{4,6,1,0,1,4,0,0,0}"}
@POLY.{"POLYID":46}
CPUTime: 0.94 seconds
MaxRSS: 21729280 bytes
MaxVMSize: 1417326592 bytes
BSONSize: 469 bytes
+POLY.{"POLYID":295}>{"DVERTS":"{{1,0,0,0},{0,1,0,0},{0,0,1,0},{0,0,0,1},{0,-1,-1,-1},{-2,2,0,1},{1,-2,1,-1}}"}
&MAXCONE.{"NORMALFORM":"{{0,0,0,0},{1,0,0,0},{0,1,0,0},{0,0,1,0},{0,0,0,1},{0,2,-2,1}}"}>{"POS":{"NINST":2,"POLYID":295}}
+MAXCONE.{"NORMALFORM":"{{0,0,0,0},{1,0,0,0},{0,1,0,0},{0,0,1,0},{0,0,0,1},{0,2,-2,1}}"}>{"FACEINFO":"{5,8,1,0,1,5,0,0,0}"}
&MAXCONE.{"NORMALFORM":"{{0,0,0,0},{1,0,0,0},{0,1,0,0},{0,0,1,0},{1,1,1,2},{1,0,-1,-1}}"}>{"POS":{"NINST":1,"POLYID":295}}
+MAXCONE.{"NORMALFORM":"{{0,0,0,0},{1,0,0,0},{0,1,0,0},{0,0,1,0},{1,1,1,2},{1,0,-1,-1}}"}>{"FACEINFO":"{5,9,0,0,0,6,0,0,0}"}
&MAXCONE.{"NORMALFORM":"{{0,0,0,0},{1,0,0,0},{0,1,0,0},{0,0,1,0},{2,2,1,4}}"}>{"POS":{"NINST":1,"POLYID":295}}
+MAXCONE.{"NORMALFORM":"{{0,0,0,0},{1,0,0,0},{0,1,0,0},{0,0,1,0},{2,2,1,4}}"}>{"FACEINFO":"{4,6,1,0,1,4,0,0,0}"}
&MAXCONE.{"NORMALFORM":"{{0,0,0,0},{1,0,0,0},{0,1,0,0},{0,0,1,0},{1,1,1,2}}"}>{"POS":{"NINST":2,"POLYID":295}}
+MAXCONE.{"NORMALFORM":"{{0,0,0,0},{1,0,0,0},{0,1,0,0},{0,0,1,0},{1,1,1,2}}"}>{"FACEINFO":"{4,6,0,0,0,4,0,0,0}"}
&MAXCONE.{"NORMALFORM":"{{0,0,0,0},{1,0,0,0},{0,1,0,0},{0,0,1,0},{1,1,2,3}}"}>{"POS":{"NINST":1,"POLYID":295}}
+MAXCONE.{"NORMALFORM":"{{0,0,0,0},{1,0,0,0},{0,1,0,0},{0,0,1,0},{1,1,2,3}}"}>{"FACEINFO":"{4,6,0,0,0,4,0,0,0}"}
&MAXCONE.{"NORMALFORM":"{{0,0,0,0},{1,0,0,0},{0,1,0,0},{0,0,1,0},{0,0,1,2}}"}>{"POS":{"NINST":1,"POLYID":295}}
+MAXCONE.{"NORMALFORM":"{{0,0,0,0},{1,0,0,0},{0,1,0,0},{0,0,1,0},{0,0,1,2}}"}>{"FACEINFO":"{4,6,1,0,1,4,0,0,0}"}
&MAXCONE.{"NORMALFORM":"{{0,0,0,0},{1,0,0,0},{0,1,0,0},{0,0,1,0},{0,0,0,1}}"}>{"POS":{"NINST":1,"POLYID":295}}
+MAXCONE.{"NORMALFORM":"{{0,0,0,0},{1,0,0,0},{0,1,0,0},{0,0,1,0},{0,0,0,1}}"}>{"FACEINFO":"{4,6,0,0,0,4,0,0,0}"}
@POLY.{"POLYID":295}
CPUTime: 0.94 seconds
MaxRSS: 33513472 bytes
MaxVMSize: 2180431872 bytes
BSONSize: 634 bytes
